SF:lib\src\controller\task_controller.dart
DA:10,1
DA:12,2
DA:14,1
DA:15,1
DA:16,3
DA:18,2
DA:19,0
DA:20,0
DA:21,0
DA:22,0
DA:23,0
DA:25,1
DA:28,1
DA:29,2
DA:30,2
DA:37,1
DA:38,2
DA:39,1
DA:40,3
DA:45,0
DA:46,0
DA:47,0
DA:48,0
DA:49,0
DA:50,0
DA:51,0
DA:56,1
DA:57,1
DA:58,1
DA:59,1
DA:60,1
DA:61,1
DA:62,1
DA:63,1
DA:65,2
DA:66,2
DA:69,1
DA:70,2
DA:71,2
LF:39
LH:27
end_of_record
SF:lib\src\entity\task.dart
DA:11,4
LF:1
LH:1
end_of_record
SF:lib\src\model\in_memory_task_repository.dart
DA:7,2
DA:9,6
DA:10,8
DA:11,8
DA:12,10
DA:14,3
DA:15,2
DA:16,1
DA:17,2
DA:18,6
DA:19,6
DA:20,1
DA:25,2
DA:27,4
DA:30,2
DA:32,12
DA:33,4
DA:34,4
DA:38,2
DA:40,10
LF:20
LH:20
end_of_record
SF:lib\src\controller\week_controller.dart
DA:8,1
DA:9,1
DA:13,1
DA:14,1
DA:15,2
DA:16,2
DA:17,6
DA:21,2
DA:23,3
DA:25,1
DA:26,6
DA:29,1
DA:30,2
DA:31,1
DA:32,1
DA:37,1
DA:39,1
DA:41,4
DA:42,4
DA:44,4
DA:45,1
DA:46,2
DA:47,0
DA:48,0
LF:24
LH:22
end_of_record
SF:lib\src\entity\week.dart
DA:4,3
DA:6,3
DA:7,15
LF:3
LH:3
end_of_record
SF:lib\src\framework\date_formatter.dart
DA:4,1
DA:5,2
DA:8,1
DA:9,2
LF:4
LH:4
end_of_record
SF:lib\src\model\settings_model.dart
DA:14,2
DA:18,2
DA:22,2
DA:25,0
DA:28,1
DA:29,2
DA:30,4
DA:33,3
DA:34,2
DA:36,0
DA:38,1
DA:42,1
DA:43,1
DA:44,3
DA:45,1
DA:49,1
DA:50,1
DA:51,2
DA:52,1
DA:56,1
DA:57,1
DA:58,3
DA:59,1
DA:63,0
DA:65,0
DA:66,0
LF:26
LH:21
end_of_record
SF:lib\src\model\week_calculator.dart
DA:4,1
DA:5,1
DA:6,4
DA:7,5
DA:10,1
DA:11,3
DA:13,1
DA:14,3
LF:8
LH:8
end_of_record
SF:lib\src\presentation\widgets\task_card.dart
DA:12,1
DA:21,1
DA:23,2
DA:24,10
DA:25,1
DA:27,1
DA:29,1
DA:30,1
DA:31,1
DA:32,1
DA:33,1
DA:34,1
DA:37,1
DA:38,1
DA:40,1
DA:42,1
DA:53,1
DA:54,1
DA:55,2
DA:58,1
DA:62,2
DA:68,1
DA:69,1
DA:70,1
DA:73,1
DA:74,1
DA:75,1
DA:76,1
DA:79,2
DA:81,2
LF:30
LH:30
end_of_record
